<?xml version="1.0" encoding="UTF-8"?>
<testng-results skipped="0" failed="0" total="2" passed="2">
  <reporter-output>
  </reporter-output>
  <suite name="Suite" duration-ms="51" started-at="2020-02-21T03:54:00Z" finished-at="2020-02-21T03:54:00Z">
    <groups>
    </groups>
    <test name="Test" duration-ms="51" started-at="2020-02-21T03:54:00Z" finished-at="2020-02-21T03:54:00Z">
      <class name="lomt.pearson.test_script.somkeTesting.DemoTestNG">
        <test-method status="PASS" signature="setup()[pri:0, instance:lomt.pearson.test_script.somkeTesting.DemoTestNG@2c8d66b2]" name="setup" is-config="true" duration-ms="9848" started-at="2020-02-21T09:23:50Z" finished-at="2020-02-21T09:24:00Z">
          <reporter-output>
          </reporter-output>
        </test-method> <!-- setup -->
        <test-method status="PASS" signature="Ademotest1()[pri:0, instance:lomt.pearson.test_script.somkeTesting.DemoTestNG@2c8d66b2]" name="Ademotest1" duration-ms="20" started-at="2020-02-21T09:24:00Z" finished-at="2020-02-21T09:24:00Z">
          <reporter-output>
          </reporter-output>
        </test-method> <!-- Ademotest1 -->
        <test-method status="PASS" signature="Bdemotest2()[pri:0, instance:lomt.pearson.test_script.somkeTesting.DemoTestNG@2c8d66b2]" name="Bdemotest2" duration-ms="2" started-at="2020-02-21T09:24:00Z" finished-at="2020-02-21T09:24:00Z">
          <reporter-output>
          </reporter-output>
        </test-method> <!-- Bdemotest2 -->
        <test-method status="PASS" signature="cleanup()[pri:0, instance:lomt.pearson.test_script.somkeTesting.DemoTestNG@2c8d66b2]" name="cleanup" is-config="true" duration-ms="3169" started-at="2020-02-21T09:24:00Z" finished-at="2020-02-21T09:24:03Z">
          <reporter-output>
          </reporter-output>
        </test-method> <!-- cleanup -->
      </class> <!-- lomt.pearson.test_script.somkeTesting.DemoTestNG -->
    </test> <!-- Test -->
  </suite> <!-- Suite -->
</testng-results>
